2022-08-19 20:27:33,056: Registering dataset.
2022-08-19 20:27:33,184: Computing global relations 'rel'.
2022-08-19 20:27:33,184: Indexing nearest neighbors.
2022-08-19 20:27:47,064: Calculating probabilities.
2022-08-19 20:27:49,999: Adding entry 'spectral' to dataset.
2022-08-19 20:27:50,000: Beginning training phase 'spectral_init'.
2022-08-19 20:27:51,892: Loss after epoch 0: 15.175997912883759
2022-08-19 20:27:52,062: Loss after epoch 2: 2.705359995365143
2022-08-19 20:27:52,250: Loss after epoch 4: 0.9528590440750122
2022-08-19 20:27:52,395: Loss after epoch 6: 0.5487660579383373
2022-08-19 20:27:52,536: Loss after epoch 8: 0.42037102207541466
2022-08-19 20:27:52,608: Beginning training phase 'main_embedding'.
2022-08-19 20:27:53,771: Loss after epoch 0: 3.5650899708271027
2022-08-19 20:27:59,646: Loss after epoch 5: 2.7379198372364044
2022-08-19 20:28:05,344: Loss after epoch 10: 2.5100175887346268
2022-08-19 20:28:11,231: Loss after epoch 15: 2.4992872923612595
2022-08-19 20:28:17,158: Loss after epoch 20: 2.3030298352241516
2022-08-19 20:28:23,131: Loss after epoch 25: 2.400269716978073
2022-08-19 20:28:29,240: Loss after epoch 30: 2.2948414236307144
2022-08-19 20:28:35,049: Loss after epoch 35: 2.24144546687603
2022-08-19 20:28:40,773: Loss after epoch 40: 2.213848724961281
2022-08-19 20:28:46,577: Loss after epoch 45: 2.1731266230344772
2022-08-19 20:28:52,563: Loss after epoch 50: 2.1573877334594727
2022-08-19 20:28:58,404: Loss after epoch 55: 2.1676101982593536
